This file contains any messages produced by compilers while
running configure, to aid debugging if configure makes a mistake.

It was created by qdbm configure 1.8.78, which was
generated by GNU Autoconf 2.65.  Invocation command line was

  $ ./configure 

## --------- ##
## Platform. ##
## --------- ##

hostname = RHEL-58
uname -m = x86_64
uname -r = 2.6.18-308.24.1.el5
uname -s = Linux
uname -v = #1 SMP Wed Nov 21 11:42:14 EST 2012

/usr/bin/uname -p = unknown
/bin/uname -X     = unknown

/bin/arch              = x86_64
/usr/bin/arch -k       = unknown
/usr/convex/getsysinfo = unknown
/usr/bin/hostinfo      = unknown
/bin/machine           = unknown
/usr/bin/oslevel       = unknown
/bin/universe          = unknown

PATH: /usr/lib64/qt-3.3/bin
PATH: /usr/kerberos/bin
PATH: /usr/local/bin
PATH: /bin
PATH: /usr/bin
PATH: /home/rnaveen/bin
PATH: /home/rnaveen/bin
PATH: /sbin/
PATH: /usr/local/ant/apache-ant-1.7.1/bin
PATH: /home/rnaveen/bin
PATH: /usr/local/apache-maven-2.2.1//bin
PATH: /usr/local/apache-maven-2.2.1//bin/mvn


## ----------- ##
## Core tests. ##
## ----------- ##

configure:2014: checking for gcc
configure:2030: found /usr/bin/gcc
configure:2041: result: gcc
configure:2270: checking for C compiler version
configure:2279: gcc --version >&5
gcc (GCC) 4.1.2 20080704 (Red Hat 4.1.2-52)
Copyright (C) 2006 Free Software Foundation, Inc.
This is free software; see the source for copying conditions.  There is NO
warranty; not even for MERCHANTABILITY or FITNESS FOR A PARTICULAR PURPOSE.

configure:2290: $? = 0
configure:2279: gcc -v >&5
Using built-in specs.
Target: x86_64-redhat-linux
Configured with: ../configure --prefix=/usr --mandir=/usr/share/man --infodir=/usr/share/info --enable-shared --enable-threads=posix --enable-checking=release --with-system-zlib --enable-__cxa_atexit --disable-libunwind-exceptions --enable-libgcj-multifile --enable-languages=c,c++,objc,obj-c++,java,fortran,ada --enable-java-awt=gtk --disable-dssi --disable-plugin --with-java-home=/usr/lib/jvm/java-1.4.2-gcj-1.4.2.0/jre --with-cpu=generic --host=x86_64-redhat-linux
Thread model: posix
gcc version 4.1.2 20080704 (Red Hat 4.1.2-52)
configure:2290: $? = 0
configure:2279: gcc -V >&5
gcc: '-V' option must have argument
configure:2290: $? = 1
configure:2279: gcc -qversion >&5
gcc: unrecognized option '-qversion'
gcc: no input files
configure:2290: $? = 1
configure:2310: checking whether the C compiler works
configure:2332: gcc    conftest.c  >&5
configure:2336: $? = 0
configure:2385: result: yes
configure:2388: checking for C compiler default output file name
configure:2390: result: a.out
configure:2396: checking for suffix of executables
configure:2403: gcc -o conftest    conftest.c  >&5
configure:2407: $? = 0
configure:2429: result: 
configure:2451: checking whether we are cross compiling
configure:2459: gcc -o conftest    conftest.c  >&5
configure:2463: $? = 0
configure:2470: ./conftest
configure:2474: $? = 0
configure:2489: result: no
configure:2494: checking for suffix of object files
configure:2516: gcc -c   conftest.c >&5
configure:2520: $? = 0
configure:2541: result: o
configure:2545: checking whether we are using the GNU C compiler
configure:2564: gcc -c   conftest.c >&5
configure:2564: $? = 0
configure:2573: result: yes
configure:2582: checking whether gcc accepts -g
configure:2602: gcc -c -g  conftest.c >&5
configure:2602: $? = 0
configure:2643: result: yes
configure:2660: checking for gcc option to accept ISO C89
configure:2724: gcc  -c -g -O2  conftest.c >&5
configure:2724: $? = 0
configure:2737: result: none needed
configure:2825: checking for main in -lc
configure:2844: gcc -o conftest -g -O2   conftest.c -lc   >&5
configure:2844: $? = 0
configure:2853: result: yes
configure:3093: checking for main in -lqdbm
configure:3112: gcc -o conftest -g -O2   conftest.c -lqdbm  -lc  >&5
/usr/bin/ld: cannot find -lqdbm
collect2: ld returned 1 exit status
configure:3112: $? = 1
configure: failed program was:
| /* confdefs.h */
| #define PACKAGE_NAME "qdbm"
| #define PACKAGE_TARNAME "qdbm"
| #define PACKAGE_VERSION "1.8.78"
| #define PACKAGE_STRING "qdbm 1.8.78"
| #define PACKAGE_BUGREPORT ""
| #define PACKAGE_URL ""
| #define HAVE_LIBC 1
| /* end confdefs.h.  */
| 
| 
| int
| main ()
| {
| return main ();
|   ;
|   return 0;
| }
configure:3121: result: no
configure:3294: creating ./config.status

## ---------------------- ##
## Running config.status. ##
## ---------------------- ##

This file was extended by qdbm config.status 1.8.78, which was
generated by GNU Autoconf 2.65.  Invocation command line was

  CONFIG_FILES    = 
  CONFIG_HEADERS  = 
  CONFIG_LINKS    = 
  CONFIG_COMMANDS = 
  $ ./config.status 

on RHEL-58

config.status:733: creating Makefile
config.status:832: WARNING:  'Makefile.in' seems to ignore the --datarootdir setting
config.status:733: creating LTmakefile
config.status:832: WARNING:  'LTmakefile.in' seems to ignore the --datarootdir setting
config.status:733: creating qdbm.spec
config.status:733: creating qdbm.pc
config.status:832: WARNING:  'qdbm.pc.in' seems to ignore the --datarootdir setting

## ---------------- ##
## Cache variables. ##
## ---------------- ##

ac_cv_c_compiler_gnu=yes
ac_cv_env_CC_set=
ac_cv_env_CC_value=
ac_cv_env_CFLAGS_set=
ac_cv_env_CFLAGS_value=
ac_cv_env_CPPFLAGS_set=
ac_cv_env_CPPFLAGS_value=
ac_cv_env_LDFLAGS_set=
ac_cv_env_LDFLAGS_value=
ac_cv_env_LIBS_set=
ac_cv_env_LIBS_value=
ac_cv_env_build_alias_set=
ac_cv_env_build_alias_value=
ac_cv_env_host_alias_set=
ac_cv_env_host_alias_value=
ac_cv_env_target_alias_set=
ac_cv_env_target_alias_value=
ac_cv_lib_c_main=yes
ac_cv_lib_qdbm_main=no
ac_cv_objext=o
ac_cv_prog_ac_ct_CC=gcc
ac_cv_prog_cc_c89=
ac_cv_prog_cc_g=yes

## ----------------- ##
## Output variables. ##
## ----------------- ##

AR='/usr/bin/ar'
CC='gcc'
CFLAGS='-g -O2'
CPPFLAGS=''
DEFS='-DPACKAGE_NAME=\"qdbm\" -DPACKAGE_TARNAME=\"qdbm\" -DPACKAGE_VERSION=\"1.8.78\" -DPACKAGE_STRING=\"qdbm\ 1.8.78\" -DPACKAGE_BUGREPORT=\"\" -DPACKAGE_URL=\"\" -DHAVE_LIBC=1'
ECHO_C=''
ECHO_N='-n'
ECHO_T=''
EXEEXT=''
LD='/usr/bin/ld'
LDFLAGS=''
LIBOBJS=''
LIBREV='14'
LIBS='-lc '
LIBVER='14'
LTLIBOBJS=''
MGWLIBS=''
MYDEFS=''
MYOPTS='-minline-all-stringops'
OBJEXT='o'
PACKAGE_BUGREPORT=''
PACKAGE_NAME='qdbm'
PACKAGE_STRING='qdbm 1.8.78'
PACKAGE_TARNAME='qdbm'
PACKAGE_URL=''
PACKAGE_VERSION='1.8.78'
PATH_SEPARATOR=':'
SHELL='/bin/sh'
TARGETS='all'
ac_ct_CC='gcc'
bindir='${exec_prefix}/bin'
build_alias=''
datadir='${datarootdir}'
datarootdir='${prefix}/share'
docdir='${datarootdir}/doc/${PACKAGE_TARNAME}'
dvidir='${docdir}'
exec_prefix='${prefix}'
host_alias=''
htmldir='${docdir}'
includedir='${prefix}/include'
infodir='${datarootdir}/info'
libdir='${exec_prefix}/lib'
libexecdir='${exec_prefix}/libexec'
localedir='${datarootdir}/locale'
localstatedir='${prefix}/var'
mandir='${datarootdir}/man'
oldincludedir='/usr/include'
pdfdir='${docdir}'
prefix='/usr/local'
program_transform_name='s,x,x,'
psdir='${docdir}'
sbindir='${exec_prefix}/sbin'
sharedstatedir='${prefix}/com'
sysconfdir='${prefix}/etc'
target_alias=''

## ----------- ##
## confdefs.h. ##
## ----------- ##

/* confdefs.h */
#define PACKAGE_NAME "qdbm"
#define PACKAGE_TARNAME "qdbm"
#define PACKAGE_VERSION "1.8.78"
#define PACKAGE_STRING "qdbm 1.8.78"
#define PACKAGE_BUGREPORT ""
#define PACKAGE_URL ""
#define HAVE_LIBC 1

configure: exit 0
